<?xml version="1.0" encoding="UTF-8"?>
<testsuite name="Reto phptravels" tests="1" skipped="0" failures="1" errors="0" timestamp="2022-08-10T21:18:19" hostname="QV-3579" time="0.968">
  <properties/>
  <testcase name="Full phptravels" classname="Reto phptravels" time="0.968">
    <failure message="java.lang.AssertionError: Undefined default URL for page object PageObject" type="java.lang.AssertionError">java.lang.AssertionError: Undefined default URL for page object PageObject
	at net.serenitybdd.core.pages.PageUrls.verified(PageUrls.java:80)
	at net.serenitybdd.core.pages.PageUrls.getStartingUrl(PageUrls.java:58)
	at net.serenitybdd.core.pages.PageObject.open(PageObject.java:802)
	at net.serenitybdd.core.pages.PageObject.open(PageObject.java:791)
	at com.phptravels.automation.steps.PhpTravelsPageSteps.openBrowser(PhpTravelsPageSteps.java:15)
	at com.phptravels.automation.steps.PhpTravelsPageSteps$$EnhancerByCGLIB$$c5e04097.CGLIB$openBrowser$1(&lt;generated&gt;)
	at com.phptravels.automation.steps.PhpTravelsPageSteps$$EnhancerByCGLIB$$c5e04097$$FastClassByCGLIB$$cab527c4.invoke(&lt;generated&gt;)
	at net.sf.cglib.proxy.MethodProxy.invokeSuper(MethodProxy.java:228)
	at net.thucydides.core.steps.StepInterceptor.invokeMethod(StepInterceptor.java:460)
	at net.thucydides.core.steps.StepInterceptor.executeTestStepMethod(StepInterceptor.java:445)
	at net.thucydides.core.steps.StepInterceptor.runTestStep(StepInterceptor.java:420)
	at net.thucydides.core.steps.StepInterceptor.runOrSkipMethod(StepInterceptor.java:175)
	at net.thucydides.core.steps.StepInterceptor.testStepResult(StepInterceptor.java:162)
	at net.thucydides.core.steps.StepInterceptor.intercept(StepInterceptor.java:68)
	at com.phptravels.automation.steps.PhpTravelsPageSteps$$EnhancerByCGLIB$$c5e04097.openBrowser(&lt;generated&gt;)
	at com.phptravels.tests.stepdefinitions.retoPhpTravelsStepDefinitions.thatAUserWantsToEnterThePhptravelsPage(retoPhpTravelsStepDefinitions.java:15)
	at âœ½.that a user wants to enter the phptravels page(src/test/resources/features/retoPhpTravels.feature:5)
</failure>
  </testcase>
  <system-out><![CDATA[]]></system-out>
  <system-err><![CDATA[[Test worker] ERROR net.thucydides.core.steps.ConsoleLoggingListener - 
           __  _____ _____ ____ _____   _____ _    ___ _     _____ ____  
  _       / / |_   _| ____/ ___|_   _| |  ___/ \  |_ _| |   | ____|  _ \ 
 (_)_____| |    | | |  _| \___ \ | |   | |_ / _ \  | || |   |  _| | | | |
  _|_____| |    | | | |___ ___) || |   |  _/ ___ \ | || |___| |___| |_| |
 (_)     | |    |_| |_____|____/ |_|   |_|/_/   \_\___|_____|_____|____/ 
          \_\                                                            

TEST FAILED: Full phptravels
--------------------------------------------------------------------------
[Test worker] ERROR net.thucydides.core.steps.ConsoleLoggingListener - TEST FAILED AT STEP Open browser
[Test worker] ERROR net.thucydides.core.steps.ConsoleLoggingListener - Undefined default URL for page object PageObject
]]></system-err>
</testsuite>
