<?xml version="1.0" encoding="UTF-8"?><testsuite errors="0" failures="1" name="Reto phptravels" skipped="0" tests="1" time="0.85" timestamp="2022-08-10 04:18:19"><testcase name="Full phptravels"><failure message="Undefined default URL for page object PageObject" type="java.lang.AssertionError">Undefined default URL for page object PageObject</failure><system-err>Undefined default URL for page object PageObject&#13;
com.phptravels.automation.steps.PhpTravelsPageSteps.openBrowser(PhpTravelsPageSteps.java:15)&#13;
com.phptravels.tests.stepdefinitions.retoPhpTravelsStepDefinitions.thatAUserWantsToEnterThePhptravelsPage(retoPhpTravelsStepDefinitions.java:15)&#13;
✽.that a user wants to enter the phptravels page(src/test/resources/features/retoPhpTravels.feature:5)&#13;
</system-err></testcase></testsuite>